
> simple-login@0.0.1 start /Users/tom/workspace/nodejs/apimock/examples/simple-login/service
> node ./bin/www


npm ERR! simple-login@0.0.1 start: `node ./bin/www`
npm ERR! Exit status 143
npm ERR! 
npm ERR! Failed at the simple-login@0.0.1 start script.
npm ERR! This is most likely a problem with the simple-login package,
npm ERR! not with npm itself.
npm ERR! Tell the author that this fails on your system:
npm ERR!     node ./bin/www
npm ERR! You can get their info via:
npm ERR!     npm owner ls simple-login
npm ERR! There is likely additional logging output above.
npm ERR! System Darwin 13.1.0
npm ERR! command "node" "/usr/local/bin/npm" "start"
npm ERR! cwd /Users/tom/workspace/nodejs/apimock/examples/simple-login/service
npm ERR! node -v v0.10.28
npm ERR! npm -v 1.4.9
npm ERR! code ELIFECYCLE
npm ERR! 
npm ERR! Additional logging details can be found in:
npm ERR!     /Users/tom/workspace/nodejs/apimock/examples/simple-login/service/npm-debug.log
npm ERR! not ok code 0

> simple-login@0.0.1 start /Users/tom/workspace/nodejs/apimock/examples/simple-login/service
> node ./bin/www


npm ERR! simple-login@0.0.1 start: `node ./bin/www`
npm ERR! Exit status 143
npm ERR! 
npm ERR! Failed at the simple-login@0.0.1 start script.
npm ERR! This is most likely a problem with the simple-login package,
npm ERR! not with npm itself.
npm ERR! Tell the author that this fails on your system:
npm ERR!     node ./bin/www
npm ERR! You can get their info via:
npm ERR!     npm owner ls simple-login
npm ERR! There is likely additional logging output above.
npm ERR! System Darwin 13.1.0
npm ERR! command "node" "/usr/local/bin/npm" "start"
npm ERR! cwd /Users/tom/workspace/nodejs/apimock/examples/simple-login/service
npm ERR! node -v v0.10.28
npm ERR! npm -v 1.4.9
npm ERR! code ELIFECYCLE
npm ERR! 
npm ERR! Additional logging details can be found in:
npm ERR!     /Users/tom/workspace/nodejs/apimock/examples/simple-login/service/npm-debug.log
npm ERR! not ok code 0

> simple-login@0.0.1 start /Users/tom/workspace/nodejs/apimock/examples/simple-login/service
> node ./bin/www


npm ERR! simple-login@0.0.1 start: `node ./bin/www`
npm ERR! Exit status 143
npm ERR! 
npm ERR! Failed at the simple-login@0.0.1 start script.
npm ERR! This is most likely a problem with the simple-login package,
npm ERR! not with npm itself.
npm ERR! Tell the author that this fails on your system:
npm ERR!     node ./bin/www
npm ERR! You can get their info via:
npm ERR!     npm owner ls simple-login
npm ERR! There is likely additional logging output above.
npm ERR! System Darwin 13.1.0
npm ERR! command "node" "/usr/local/bin/npm" "start"
npm ERR! cwd /Users/tom/workspace/nodejs/apimock/examples/simple-login/service
npm ERR! node -v v0.10.28
npm ERR! npm -v 1.4.9
npm ERR! code ELIFECYCLE
npm ERR! 
npm ERR! Additional logging details can be found in:
npm ERR!     /Users/tom/workspace/nodejs/apimock/examples/simple-login/service/npm-debug.log
npm ERR! not ok code 0

> simple-login@0.0.1 start /Users/tom/workspace/nodejs/apimock/examples/simple-login/service
> node ./bin/www


npm ERR! simple-login@0.0.1 start: `node ./bin/www`
npm ERR! Exit status 143
npm ERR! 
npm ERR! Failed at the simple-login@0.0.1 start script.
npm ERR! This is most likely a problem with the simple-login package,
npm ERR! not with npm itself.
npm ERR! Tell the author that this fails on your system:
npm ERR!     node ./bin/www
npm ERR! You can get their info via:
npm ERR!     npm owner ls simple-login
npm ERR! There is likely additional logging output above.
npm ERR! System Darwin 13.1.0
npm ERR! command "node" "/usr/local/bin/npm" "start"
npm ERR! cwd /Users/tom/workspace/nodejs/apimock/examples/simple-login/service
npm ERR! node -v v0.10.28
npm ERR! npm -v 1.4.9
npm ERR! code ELIFECYCLE
npm ERR! 
npm ERR! Additional logging details can be found in:
npm ERR!     /Users/tom/workspace/nodejs/apimock/examples/simple-login/service/npm-debug.log
npm ERR! not ok code 0

> simple-login@0.0.1 start /Users/tom/workspace/nodejs/apimock/examples/simple-login/service
> node ./bin/www


npm ERR! simple-login@0.0.1 start: `node ./bin/www`
npm ERR! Exit status 143
npm ERR! 
npm ERR! Failed at the simple-login@0.0.1 start script.
npm ERR! This is most likely a problem with the simple-login package,
npm ERR! not with npm itself.
npm ERR! Tell the author that this fails on your system:
npm ERR!     node ./bin/www
npm ERR! You can get their info via:
npm ERR!     npm owner ls simple-login
npm ERR! There is likely additional logging output above.
npm ERR! System Darwin 13.1.0
npm ERR! command "node" "/usr/local/bin/npm" "start"
npm ERR! cwd /Users/tom/workspace/nodejs/apimock/examples/simple-login/service
npm ERR! node -v v0.10.28
npm ERR! npm -v 1.4.9
npm ERR! code ELIFECYCLE
npm ERR! 
npm ERR! Additional logging details can be found in:
npm ERR!     /Users/tom/workspace/nodejs/apimock/examples/simple-login/service/npm-debug.log
npm ERR! not ok code 0

> simple-login@0.0.1 start /Users/tom/workspace/nodejs/apimock/examples/simple-login/service
> node ./bin/www


npm ERR! simple-login@0.0.1 start: `node ./bin/www`
npm ERR! Exit status 143
npm ERR! 
npm ERR! Failed at the simple-login@0.0.1 start script.
npm ERR! This is most likely a problem with the simple-login package,
npm ERR! not with npm itself.
npm ERR! Tell the author that this fails on your system:
npm ERR!     node ./bin/www
npm ERR! You can get their info via:
npm ERR!     npm owner ls simple-login
npm ERR! There is likely additional logging output above.
npm ERR! System Darwin 13.1.0
npm ERR! command "node" "/usr/local/bin/npm" "start"
npm ERR! cwd /Users/tom/workspace/nodejs/apimock/examples/simple-login/service
npm ERR! node -v v0.10.28
npm ERR! npm -v 1.4.9
npm ERR! code ELIFECYCLE
npm ERR! 
npm ERR! Additional logging details can be found in:
npm ERR!     /Users/tom/workspace/nodejs/apimock/examples/simple-login/service/npm-debug.log
npm ERR! not ok code 0

> simple-login@0.0.1 start /Users/tom/workspace/nodejs/apimock/examples/simple-login/service
> node ./bin/www


npm ERR! simple-login@0.0.1 start: `node ./bin/www`
npm ERR! Exit status 143
npm ERR! 
npm ERR! Failed at the simple-login@0.0.1 start script.
npm ERR! This is most likely a problem with the simple-login package,
npm ERR! not with npm itself.
npm ERR! Tell the author that this fails on your system:
npm ERR!     node ./bin/www
npm ERR! You can get their info via:
npm ERR!     npm owner ls simple-login
npm ERR! There is likely additional logging output above.
npm ERR! System Darwin 13.1.0
npm ERR! command "node" "/usr/local/bin/npm" "start"
npm ERR! cwd /Users/tom/workspace/nodejs/apimock/examples/simple-login/service
npm ERR! node -v v0.10.28
npm ERR! npm -v 1.4.9
npm ERR! code ELIFECYCLE
npm ERR! 
npm ERR! Additional logging details can be found in:
npm ERR!     /Users/tom/workspace/nodejs/apimock/examples/simple-login/service/npm-debug.log
npm ERR! not ok code 0

> simple-login@0.0.1 start /Users/tom/workspace/nodejs/apimock/examples/simple-login/service
> node ./bin/www


npm ERR! simple-login@0.0.1 start: `node ./bin/www`
npm ERR! Exit status 143
npm ERR! 
npm ERR! Failed at the simple-login@0.0.1 start script.
npm ERR! This is most likely a problem with the simple-login package,
npm ERR! not with npm itself.
npm ERR! Tell the author that this fails on your system:
npm ERR!     node ./bin/www
npm ERR! You can get their info via:
npm ERR!     npm owner ls simple-login
npm ERR! There is likely additional logging output above.
npm ERR! System Darwin 13.1.0
npm ERR! command "node" "/usr/local/bin/npm" "start"
npm ERR! cwd /Users/tom/workspace/nodejs/apimock/examples/simple-login/service
npm ERR! node -v v0.10.28
npm ERR! npm -v 1.4.9
npm ERR! code ELIFECYCLE
npm ERR! 
npm ERR! Additional logging details can be found in:
npm ERR!     /Users/tom/workspace/nodejs/apimock/examples/simple-login/service/npm-debug.log
npm ERR! not ok code 0

> simple-login@0.0.1 start /Users/tom/workspace/nodejs/apimock/examples/simple-login/service
> node ./bin/www


npm ERR! simple-login@0.0.1 start: `node ./bin/www`
npm ERR! Exit status 143
npm ERR! 
npm ERR! Failed at the simple-login@0.0.1 start script.
npm ERR! This is most likely a problem with the simple-login package,
npm ERR! not with npm itself.
npm ERR! Tell the author that this fails on your system:
npm ERR!     node ./bin/www
npm ERR! You can get their info via:
npm ERR!     npm owner ls simple-login
npm ERR! There is likely additional logging output above.
npm ERR! System Darwin 13.1.0
npm ERR! command "node" "/usr/local/bin/npm" "start"
npm ERR! cwd /Users/tom/workspace/nodejs/apimock/examples/simple-login/service
npm ERR! node -v v0.10.28
npm ERR! npm -v 1.4.9
npm ERR! code ELIFECYCLE
npm ERR! 
npm ERR! Additional logging details can be found in:
npm ERR!     /Users/tom/workspace/nodejs/apimock/examples/simple-login/service/npm-debug.log
npm ERR! not ok code 0

> simple-login@0.0.1 start /Users/tom/workspace/nodejs/apimock/examples/simple-login/service
> node ./bin/www


npm ERR! simple-login@0.0.1 start: `node ./bin/www`
npm ERR! Exit status 143
npm ERR! 
npm ERR! Failed at the simple-login@0.0.1 start script.
npm ERR! This is most likely a problem with the simple-login package,
npm ERR! not with npm itself.
npm ERR! Tell the author that this fails on your system:
npm ERR!     node ./bin/www
npm ERR! You can get their info via:
npm ERR!     npm owner ls simple-login
npm ERR! There is likely additional logging output above.
npm ERR! System Darwin 13.1.0
npm ERR! command "node" "/usr/local/bin/npm" "start"
npm ERR! cwd /Users/tom/workspace/nodejs/apimock/examples/simple-login/service
npm ERR! node -v v0.10.28
npm ERR! npm -v 1.4.9
npm ERR! code ELIFECYCLE
npm ERR! 
npm ERR! Additional logging details can be found in:
npm ERR!     /Users/tom/workspace/nodejs/apimock/examples/simple-login/service/npm-debug.log
npm ERR! not ok code 0

> simple-login@0.0.1 start /Users/tom/workspace/nodejs/apimock/examples/simple-login/service
> node ./bin/www


npm ERR! simple-login@0.0.1 start: `node ./bin/www`
npm ERR! Exit status 143
npm ERR! 
npm ERR! Failed at the simple-login@0.0.1 start script.
npm ERR! This is most likely a problem with the simple-login package,
npm ERR! not with npm itself.
npm ERR! Tell the author that this fails on your system:
npm ERR!     node ./bin/www
npm ERR! You can get their info via:
npm ERR!     npm owner ls simple-login
npm ERR! There is likely additional logging output above.
npm ERR! System Darwin 13.1.0
npm ERR! command "node" "/usr/local/bin/npm" "start"
npm ERR! cwd /Users/tom/workspace/nodejs/apimock/examples/simple-login/service
npm ERR! node -v v0.10.28
npm ERR! npm -v 1.4.9
npm ERR! code ELIFECYCLE
npm ERR! 
npm ERR! Additional logging details can be found in:
npm ERR!     /Users/tom/workspace/nodejs/apimock/examples/simple-login/service/npm-debug.log
npm ERR! not ok code 0

> simple-login@0.0.1 start /Users/tom/workspace/nodejs/apimock/examples/simple-login/service
> node ./bin/www


npm ERR! simple-login@0.0.1 start: `node ./bin/www`
npm ERR! Exit status 143
npm ERR! 
npm ERR! Failed at the simple-login@0.0.1 start script.
npm ERR! This is most likely a problem with the simple-login package,
npm ERR! not with npm itself.
npm ERR! Tell the author that this fails on your system:
npm ERR!     node ./bin/www
npm ERR! You can get their info via:
npm ERR!     npm owner ls simple-login
npm ERR! There is likely additional logging output above.
npm ERR! System Darwin 13.1.0
npm ERR! command "node" "/usr/local/bin/npm" "start"
npm ERR! cwd /Users/tom/workspace/nodejs/apimock/examples/simple-login/service
npm ERR! node -v v0.10.28
npm ERR! npm -v 1.4.9
npm ERR! code ELIFECYCLE
npm ERR! 
npm ERR! Additional logging details can be found in:
npm ERR!     /Users/tom/workspace/nodejs/apimock/examples/simple-login/service/npm-debug.log
npm ERR! not ok code 0

> simple-login@0.0.1 start /Users/tom/workspace/nodejs/apimock/examples/simple-login/service
> node ./bin/www


npm ERR! simple-login@0.0.1 start: `node ./bin/www`
npm ERR! Exit status 143
npm ERR! 
npm ERR! Failed at the simple-login@0.0.1 start script.
npm ERR! This is most likely a problem with the simple-login package,
npm ERR! not with npm itself.
npm ERR! Tell the author that this fails on your system:
npm ERR!     node ./bin/www
npm ERR! You can get their info via:
npm ERR!     npm owner ls simple-login
npm ERR! There is likely additional logging output above.
npm ERR! System Darwin 13.1.0
npm ERR! command "node" "/usr/local/bin/npm" "start"
npm ERR! cwd /Users/tom/workspace/nodejs/apimock/examples/simple-login/service
npm ERR! node -v v0.10.28
npm ERR! npm -v 1.4.9
npm ERR! code ELIFECYCLE
npm ERR! 
npm ERR! Additional logging details can be found in:
npm ERR!     /Users/tom/workspace/nodejs/apimock/examples/simple-login/service/npm-debug.log
npm ERR! not ok code 0

> simple-login@0.0.1 start /Users/tom/workspace/nodejs/apimock/examples/simple-login/service
> node ./bin/www


npm ERR! simple-login@0.0.1 start: `node ./bin/www`
npm ERR! Exit status 143
npm ERR! 
npm ERR! Failed at the simple-login@0.0.1 start script.
npm ERR! This is most likely a problem with the simple-login package,
npm ERR! not with npm itself.
npm ERR! Tell the author that this fails on your system:
npm ERR!     node ./bin/www
npm ERR! You can get their info via:
npm ERR!     npm owner ls simple-login
npm ERR! There is likely additional logging output above.
npm ERR! System Darwin 13.1.0
npm ERR! command "node" "/usr/local/bin/npm" "start"
npm ERR! cwd /Users/tom/workspace/nodejs/apimock/examples/simple-login/service
npm ERR! node -v v0.10.28
npm ERR! npm -v 1.4.9
npm ERR! code ELIFECYCLE
npm ERR! 
npm ERR! Additional logging details can be found in:
npm ERR!     /Users/tom/workspace/nodejs/apimock/examples/simple-login/service/npm-debug.log
npm ERR! not ok code 0

> simple-login@0.0.1 start /Users/tom/workspace/nodejs/apimock/examples/simple-login/service
> node ./bin/www


npm ERR! simple-login@0.0.1 start: `node ./bin/www`
npm ERR! Exit status 143
npm ERR! 
npm ERR! Failed at the simple-login@0.0.1 start script.
npm ERR! This is most likely a problem with the simple-login package,
npm ERR! not with npm itself.
npm ERR! Tell the author that this fails on your system:
npm ERR!     node ./bin/www
npm ERR! You can get their info via:
npm ERR!     npm owner ls simple-login
npm ERR! There is likely additional logging output above.
npm ERR! System Darwin 13.1.0
npm ERR! command "node" "/usr/local/bin/npm" "start"
npm ERR! cwd /Users/tom/workspace/nodejs/apimock/examples/simple-login/service
npm ERR! node -v v0.10.28
npm ERR! npm -v 1.4.9
npm ERR! code ELIFECYCLE
npm ERR! 
npm ERR! Additional logging details can be found in:
npm ERR!     /Users/tom/workspace/nodejs/apimock/examples/simple-login/service/npm-debug.log
npm ERR! not ok code 0

> simple-login@0.0.1 start /Users/tom/workspace/nodejs/apimock/examples/simple-login/service
> node ./bin/www


npm ERR! simple-login@0.0.1 start: `node ./bin/www`
npm ERR! Exit status 143
npm ERR! 
npm ERR! Failed at the simple-login@0.0.1 start script.
npm ERR! This is most likely a problem with the simple-login package,
npm ERR! not with npm itself.
npm ERR! Tell the author that this fails on your system:
npm ERR!     node ./bin/www
npm ERR! You can get their info via:
npm ERR!     npm owner ls simple-login
npm ERR! There is likely additional logging output above.
npm ERR! System Darwin 13.1.0
npm ERR! command "node" "/usr/local/bin/npm" "start"
npm ERR! cwd /Users/tom/workspace/nodejs/apimock/examples/simple-login/service
npm ERR! node -v v0.10.28
npm ERR! npm -v 1.4.9
npm ERR! code ELIFECYCLE
npm ERR! 
npm ERR! Additional logging details can be found in:
npm ERR!     /Users/tom/workspace/nodejs/apimock/examples/simple-login/service/npm-debug.log
npm ERR! not ok code 0

> simple-login@0.0.1 start /Users/tom/workspace/nodejs/apimock/examples/simple-login/service
> node ./bin/www


npm ERR! simple-login@0.0.1 start: `node ./bin/www`
npm ERR! Exit status 143
npm ERR! 
npm ERR! Failed at the simple-login@0.0.1 start script.
npm ERR! This is most likely a problem with the simple-login package,
npm ERR! not with npm itself.
npm ERR! Tell the author that this fails on your system:
npm ERR!     node ./bin/www
npm ERR! You can get their info via:
npm ERR!     npm owner ls simple-login
npm ERR! There is likely additional logging output above.
npm ERR! System Darwin 13.1.0
npm ERR! command "node" "/usr/local/bin/npm" "start"
npm ERR! cwd /Users/tom/workspace/nodejs/apimock/examples/simple-login/service
npm ERR! node -v v0.10.28
npm ERR! npm -v 1.4.9
npm ERR! code ELIFECYCLE
npm ERR! 
npm ERR! Additional logging details can be found in:
npm ERR!     /Users/tom/workspace/nodejs/apimock/examples/simple-login/service/npm-debug.log
npm ERR! not ok code 0
